Arguments: 
  D:\dev\nodejs\node.exe D:\dev\nodejs\node_modules\yarn\bin\yarn.js

PATH: 
  D:\dev\nvm;D:\dev\nodejs;C:\Program Files (x86)\Common Files\Oracle\Java\javapath;C:\Program Files (x86)\Microsoft SQL Server\100\Tools\Binn\;C:\Program Files\Microsoft SQL Server\100\Tools\Binn\;C:\Program Files\Microsoft SQL Server\100\DTS\Binn\;C:\Program Files (x86)\Microsoft SQL Server\100\Tools\Binn\VSShell\Common7\IDE\;C:\Program Files (x86)\Microsoft SQL Server\100\DTS\Binn\;D:\RationRose\common;D:\dev\nodejs\node_global;C:\Windows\System32;D:\Git\cmd;D:\dev\nodejs\node_modules\yarn\bin;C:\Program Files\NVIDIA Corporation\NVIDIA NvDLISR;D:\maven\apache-maven-3.6.0\bin;D:\java\jdk1.8\bin;D:\dev\nvm;D:\dev\nodejs;C:\IDE\vscode\Microsoft VS Code\bin;%Yarn%;D:\Git;

Yarn version: 
  1.15.2

Node version: 
  10.15.3

Platform: 
  win32 x64

Trace: 
  Error: EEXIST: file already exists, mkdir 'D:\vscode\learning\koa\koa-blog\node_modules\koa-views'

npm manifest: 
  {
    "name": "koa-blog",
    "version": "1.0.0",
    "description": "",
    "main": "index.js",
    "scripts": {
      "test": "echo \"Error: no test specified\" && exit 1"
    },
    "keywords": [],
    "author": "",
    "license": "ISC",
    "dependencies": {
      "koa": "^2.7.0",
      "koa-router": "^7.4.0",
      "koa-views": "^6.2.0"
    }
  }

yarn manifest: 
  No manifest

Lockfile: 
  No lockfile
